{
  "Cucumber Features": {
    "coverage": {
      "/home/vagrant/csd/ahorcado/app.rb": [
        1,
        null,
        1,
        1,
        null,
        1,
        1,
        8,
        null,
        1,
        8,
        null,
        1,
        8,
        null,
        null,
        1,
        1,
        null,
        null,
        1,
        2,
        null,
        1,
        null,
        1,
        1,
        1,
        1,
        null,
        0,
        null,
        null,
        null,
        null,
        null,
        null,
        1,
        6,
        6,
        6,
        6,
        null,
        null,
        1,
        2,
        2,
        2,
        2,
        null,
        2,
        null,
        null,
        null
      ],
      "/home/vagrant/csd/ahorcado/features/step_definitions/my_steps.rb": [
        1,
        6,
        null,
        null,
        1,
        2,
        null,
        null,
        1,
        1,
        null,
        null,
        1,
        1,
        null,
        null,
        1,
        1,
        null,
        null,
        1,
        2,
        null,
        null,
        1,
        1,
        null,
        null,
        1,
        1,
        null,
        null,
        1,
        1,
        null,
        null,
        null
      ],
      "/home/vagrant/csd/ahorcado/features/step_definitions/template_steps.rb": [
        1,
        0,
        null,
        null,
        1,
        0,
        null,
        null,
        1,
        0,
        null,
        null,
        1,
        0,
        null,
        null,
        1,
        0,
        null,
        null,
        1,
        0,
        null,
        null,
        1,
        0,
        null,
        null,
        null,
        null,
        1,
        null,
        0,
        null,
        0,
        0,
        null,
        null
      ]
    },
    "timestamp": 1492801730
  },
  "RSpec": {
    "coverage": {
      "/home/vagrant/csd/ahorcado/spec/ahorcado_spec.rb": [
        1,
        null,
        1,
        1,
        null,
        1,
        null,
        null,
        1,
        null,
        null,
        1,
        null,
        1,
        null,
        1,
        1,
        null,
        1,
        null,
        1,
        null,
        1,
        null,
        1,
        1,
        null,
        1,
        null,
        1,
        null,
        null
      ],
      "/home/vagrant/csd/ahorcado/app.rb": [
        1,
        null,
        1,
        1,
        null,
        1,
        1,
        3,
        null,
        1,
        0,
        null,
        1,
        3,
        null,
        null,
        1,
        0,
        null,
        null,
        1,
        2,
        null,
        1,
        null,
        1,
        1,
        0,
        0,
        null,
        1,
        null,
        null,
        null,
        null,
        null,
        null,
        1,
        0,
        0,
        0,
        0,
        null,
        null,
        1,
        0,
        0,
        0,
        0,
        null,
        0,
        null,
        null,
        null
      ]
    },
    "timestamp": 1492801790
  }
}
